Unity Editor version:    2021.1.24f1 (6667702a1e7c)
Branch:                  2021.1/staging
Build type:              Release
Batch mode:              YES
System name:             Linux
Distro version:          #1 SMP PREEMPT Thu Sep 30 15:29:01 UTC 2021
Kernel version:          5.10.70-1-MANJARO
Architecture:            x86_64
Available memory:        16014 MB
Using pre-set license
Pro License: NO
Desktop is 1920 x 1080 @ 60 Hz

COMMAND LINE ARGUMENTS:
Unity
-adb2
-batchMode
-noUpm
-name
AssetImportWorker0
-projectPath
/home/gstarr/Documents/celShadingTest
-logFile
Logs/AssetImportWorker0.log
-srvPort
41347
Successfully changed project path to: /home/gstarr/Documents/celShadingTest
/home/gstarr/Documents/celShadingTest
Using Asset Import Pipeline V2.
Refreshing native plugins compatible for Editor in 50.35 ms, found 0 plugins.
Preloading 0 native plugins for Editor in 0.00 ms.
Initialize engine version: 2021.1.24f1 (6667702a1e7c)
[Subsystems] Discovering subsystems at path /home/gstarr/Unity/Hub/Editor/2021.1.24f1/Editor/Data/Resources/UnitySubsystems
[Subsystems] Discovering subsystems at path /home/gstarr/Documents/celShadingTest/Assets
GLX Extensions: GLX_ARB_get_proc_address GLX_ARB_multisample GLX_EXT_visual_info GLX_EXT_visual_rating GLX_EXT_import_context GLX_SGI_video_sync GLX_SGIX_fbconfig GLX_SGIX_pbuffer GLX_SGI_swap_control GLX_EXT_swap_control GLX_EXT_swap_control_tear GLX_EXT_buffer_age GLX_ARB_create_context GLX_ARB_create_context_profile GLX_NV_float_buffer GLX_ARB_fbconfig_float GLX_EXT_texture_from_pixmap GLX_EXT_framebuffer_sRGB GLX_NV_copy_image GLX_EXT_create_context_es_profile GLX_EXT_create_context_es2_profile GLX_ARB_create_context_no_error GLX_ARB_create_context_robustness GLX_NV_delay_before_swap GLX_EXT_stereo_tree GLX_ARB_context_flush_control GLX_NV_robustness_video_memory_purge GLX_NV_multigpu_context 
Renderer: NVIDIA GeForce GTX 1070 Ti/PCIe/SSE2
Vendor:   NVIDIA Corporation
Version:  4.5.0 NVIDIA 470.63.01
GLES:     0
 GL_AMD_multi_draw_indirect GL_AMD_seamless_cubemap_per_texture GL_AMD_vertex_shader_viewport_index GL_AMD_vertex_shader_layer GL_ARB_arrays_of_arrays GL_ARB_base_instance GL_ARB_bindless_texture GL_ARB_blend_func_extended GL_ARB_buffer_storage GL_ARB_clear_buffer_object GL_ARB_clear_texture GL_ARB_clip_control GL_ARB_color_buffer_float GL_ARB_compressed_texture_pixel_storage GL_ARB_conservative_depth GL_ARB_compute_shader GL_ARB_compute_variable_group_size GL_ARB_conditional_render_inverted GL_ARB_copy_buffer GL_ARB_copy_image GL_ARB_cull_distance GL_ARB_debug_output GL_ARB_depth_buffer_float GL_ARB_depth_clamp GL_ARB_depth_texture GL_ARB_derivative_control GL_ARB_direct_state_access GL_ARB_draw_buffers GL_ARB_draw_buffers_blend GL_ARB_draw_indirect GL_ARB_draw_elements_base_vertex GL_ARB_draw_instanced GL_ARB_enhanced_layouts GL_ARB_ES2_compatibility GL_ARB_ES3_compatibility GL_ARB_ES3_1_compatibility GL_ARB_ES3_2_compatibility GL_ARB_explicit_attrib_location GL_ARB_explicit_uniform_location GL_ARB_fragmen
t_coord_conventions GL_ARB_fragment_layer_viewport GL_ARB_fragment_program GL_ARB_fragment_program_shadow GL_ARB_fragment_shader GL_ARB_fragment_shader_interlock GL_ARB_framebuffer_no_attachments GL_ARB_framebuffer_object GL_ARB_framebuffer_sRGB GL_ARB_geometry_shader4 GL_ARB_get_program_binary GL_ARB_get_texture_sub_image GL_ARB_gl_spirv GL_ARB_gpu_shader5 GL_ARB_gpu_shader_fp64 GL_ARB_gpu_shader_int64 GL_ARB_half_float_pixel GL_ARB_half_float_vertex GL_ARB_imaging GL_ARB_indirect_parameters GL_ARB_instanced_arrays GL_ARB_internalformat_query GL_ARB_internalformat_query2 GL_ARB_invalidate_subdata GL_ARB_map_buffer_alignment GL_ARB_map_buffer_range GL_ARB_multi_bind GL_ARB_multi_draw_indirect GL_ARB_multisample GL_ARB_multitexture GL_ARB_occlusion_query GL_ARB_occlusion_query2 GL_ARB_parallel_shader_compile GL_ARB_pipeline_statistics_query GL_ARB_pixel_buffer_object GL_ARB_point_parameters GL_ARB_point_sprite GL_ARB_polygon_offset_clamp GL_ARB_post_depth_coverage GL_ARB_program_interface_query GL_ARB_provoki
ng_vertex GL_ARB_query_buffer_object GL_ARB_robust_buffer_access_behavior GL_ARB_robustness GL_ARB_sample_locations GL_ARB_sample_shading GL_ARB_sampler_objects GL_ARB_seamless_cube_map GL_ARB_seamless_cubemap_per_texture GL_ARB_separate_shader_objects GL_ARB_shader_atomic_counter_ops GL_ARB_shader_atomic_counters GL_ARB_shader_ballot GL_ARB_shader_bit_encoding GL_ARB_shader_clock GL_ARB_shader_draw_parameters GL_ARB_shader_group_vote GL_ARB_shader_image_load_store GL_ARB_shader_image_size GL_ARB_shader_objects GL_ARB_shader_precision GL_ARB_shader_storage_buffer_object GL_ARB_shader_subroutine GL_ARB_shader_texture_image_samples GL_ARB_shader_texture_lod GL_ARB_shading_language_100 GL_ARB_shader_viewport_layer_array GL_ARB_shading_language_420pack GL_ARB_shading_language_include GL_ARB_shading_language_packing GL_ARB_shadow GL_ARB_sparse_buffer GL_ARB_sparse_texture GL_ARB_sparse_texture2 GL_ARB_sparse_texture_clamp GL_ARB_spirv_extensions GL_ARB_stencil_texturing GL_ARB_sync GL_ARB_tessellation_shader GL_A
RB_texture_barrier GL_ARB_texture_border_clamp GL_ARB_texture_buffer_object GL_ARB_texture_buffer_object_rgb32 GL_ARB_texture_buffer_range GL_ARB_texture_compression GL_ARB_texture_compression_bptc GL_ARB_texture_compression_rgtc GL_ARB_texture_cube_map GL_ARB_texture_cube_map_array GL_ARB_texture_env_add GL_ARB_texture_env_combine GL_ARB_texture_env_crossbar GL_ARB_texture_env_dot3 GL_ARB_texture_filter_anisotropic GL_ARB_texture_filter_minmax GL_ARB_texture_float GL_ARB_texture_gather GL_ARB_texture_mirror_clamp_to_edge GL_ARB_texture_mirrored_repeat GL_ARB_texture_multisample GL_ARB_texture_non_power_of_two GL_ARB_texture_query_levels GL_ARB_texture_query_lod GL_ARB_texture_rectangle GL_ARB_texture_rg GL_ARB_texture_rgb10_a2ui GL_ARB_texture_stencil8 GL_ARB_texture_storage GL_ARB_texture_storage_multisample GL_ARB_texture_swizzle GL_ARB_texture_view GL_ARB_timer_query GL_ARB_transform_feedback2 GL_ARB_transform_feedback3 GL_ARB_transform_feedback_instanced GL_ARB_transform_feedback_overflow_query GL_ARB_t
ranspose_matrix GL_ARB_uniform_buffer_object GL_ARB_vertex_array_bgra GL_ARB_vertex_array_object GL_ARB_vertex_attrib_64bit GL_ARB_vertex_attrib_binding GL_ARB_vertex_buffer_object GL_ARB_vertex_program GL_ARB_vertex_shader GL_ARB_vertex_type_10f_11f_11f_rev GL_ARB_vertex_type_2_10_10_10_rev GL_ARB_viewport_array GL_ARB_window_pos GL_ATI_draw_buffers GL_ATI_texture_float GL_ATI_texture_mirror_once GL_S3_s3tc GL_EXT_texture_env_add GL_EXT_abgr GL_EXT_bgra GL_EXT_bindable_uniform GL_EXT_blend_color GL_EXT_blend_equation_separate GL_EXT_blend_func_separate GL_EXT_blend_minmax GL_EXT_blend_subtract GL_EXT_compiled_vertex_array GL_EXT_Cg_shader GL_EXT_depth_bounds_test GL_EXT_direct_state_access GL_EXT_draw_buffers2 GL_EXT_draw_instanced GL_EXT_draw_range_elements GL_EXT_fog_coord GL_EXT_framebuffer_blit GL_EXT_framebuffer_multisample GL_EXTX_framebuffer_mixed_formats GL_EXT_framebuffer_multisample_blit_scaled GL_EXT_framebuffer_object GL_EXT_framebuffer_sRGB GL_EXT_geometry_shader4 GL_EXT_gpu_program_parameters 
GL_EXT_gpu_shader4 GL_EXT_multi_draw_arrays GL_EXT_multiview_texture_multisample GL_EXT_multiview_timer_query GL_EXT_packed_depth_stencil GL_EXT_packed_float GL_EXT_packed_pixels GL_EXT_pixel_buffer_object GL_EXT_point_parameters GL_EXT_polygon_offset_clamp GL_EXT_post_depth_coverage GL_EXT_provoking_vertex GL_EXT_raster_multisample GL_EXT_rescale_normal GL_EXT_secondary_color GL_EXT_separate_shader_objects GL_EXT_separate_specular_color GL_EXT_shader_image_load_formatted GL_EXT_shader_image_load_store GL_EXT_shader_integer_mix GL_EXT_shadow_funcs GL_EXT_sparse_texture2 GL_EXT_stencil_two_side GL_EXT_stencil_wrap GL_EXT_texture3D GL_EXT_texture_array GL_EXT_texture_buffer_object GL_EXT_texture_compression_dxt1 GL_EXT_texture_compression_latc GL_EXT_texture_compression_rgtc GL_EXT_texture_compression_s3tc GL_EXT_texture_cube_map GL_EXT_texture_edge_clamp GL_EXT_texture_env_combine GL_EXT_texture_env_dot3 GL_EXT_texture_filter_anisotropic GL_EXT_texture_filter_minmax GL_EXT_texture_integer GL_EXT_texture_lod G
L_EXT_texture_lod_bias GL_EXT_texture_mirror_clamp GL_EXT_texture_object GL_EXT_texture_shadow_lod GL_EXT_texture_shared_exponent GL_EXT_texture_sRGB GL_EXT_texture_sRGB_R8 GL_EXT_texture_sRGB_decode GL_EXT_texture_storage GL_EXT_texture_swizzle GL_EXT_timer_query GL_EXT_transform_feedback2 GL_EXT_vertex_array GL_EXT_vertex_array_bgra GL_EXT_vertex_attrib_64bit GL_EXT_window_rectangles GL_EXT_x11_sync_object GL_EXT_import_sync_object GL_NV_robustness_video_memory_purge GL_IBM_rasterpos_clip GL_IBM_texture_mirrored_repeat GL_KHR_context_flush_control GL_KHR_debug GL_EXT_memory_object GL_EXT_memory_object_fd GL_NV_memory_object_sparse GL_KHR_parallel_shader_compile GL_KHR_no_error GL_KHR_robust_buffer_access_behavior GL_KHR_robustness GL_EXT_semaphore GL_EXT_semaphore_fd GL_NV_timeline_semaphore GL_KHR_shader_subgroup GL_KTX_buffer_region GL_NV_alpha_to_coverage_dither_control GL_NV_bindless_multi_draw_indirect GL_NV_bindless_multi_draw_indirect_count GL_NV_bindless_texture GL_NV_blend_equation_advanced GL_NV_
blend_equation_advanced_coherent GL_NVX_blend_equation_advanced_multi_draw_buffers GL_NV_blend_minmax_factor GL_NV_blend_square GL_NV_clip_space_w_scaling GL_NV_command_list GL_NV_compute_program5 GL_NV_conditional_render GL_NV_conservative_raster GL_NV_conservative_raster_dilate GL_NV_conservative_raster_pre_snap_triangles GL_NV_copy_depth_to_color GL_NV_copy_image GL_NV_depth_buffer_float GL_NV_depth_clamp GL_NV_draw_texture GL_NV_draw_vulkan_image GL_NV_ES1_1_compatibility GL_NV_ES3_1_compatibility GL_NV_explicit_multisample GL_NV_feature_query GL_NV_fence GL_NV_fill_rectangle GL_NV_float_buffer GL_NV_fog_distance GL_NV_fragment_coverage_to_color GL_NV_fragment_program GL_NV_fragment_program_option GL_NV_fragment_program2 GL_NV_fragment_shader_interlock GL_NV_framebuffer_mixed_samples GL_NV_framebuffer_multisample_coverage GL_NV_geometry_shader4 GL_NV_geometry_shader_passthrough GL_NV_gpu_program4 GL_NV_internalformat_sample_query GL_NV_gpu_program4_1 GL_NV_gpu_program5 GL_NV_gpu_program5_mem_extended GL_
NV_gpu_program_fp64 GL_NV_gpu_shader5 GL_NV_half_float GL_NV_light_max_exponent GL_NV_memory_attachment GL_NV_multisample_coverage GL_NV_multisample_filter_hint GL_NV_occlusion_query GL_NV_packed_depth_stencil GL_NV_parameter_buffer_object GL_NV_parameter_buffer_object2 GL_NV_path_rendering GL_NV_path_rendering_shared_edge GL_NV_pixel_data_range GL_NV_point_sprite GL_NV_primitive_restart GL_NV_query_resource GL_NV_query_resource_tag GL_NV_register_combiners GL_NV_register_combiners2 GL_NV_sample_locations GL_NV_sample_mask_override_coverage GL_NV_shader_atomic_counters GL_NV_shader_atomic_float GL_NV_shader_atomic_float64 GL_NV_shader_atomic_fp16_vector GL_NV_shader_atomic_int64 GL_NV_shader_buffer_load GL_NV_shader_storage_buffer_object GL_NV_shader_subgroup_partitioned GL_NV_stereo_view_rendering GL_NV_texgen_reflection GL_NV_texture_barrier GL_NV_texture_compression_vtc GL_NV_texture_env_combine4 GL_NV_texture_multisample GL_NV_texture_rectangle GL_NV_texture_rectangle_compressed GL_NV_texture_shader GL_N
V_texture_shader2 GL_NV_texture_shader3 GL_NV_transform_feedback GL_NV_transform_feedback2 GL_NV_uniform_buffer_unified_memory GL_NV_vdpau_interop GL_NV_vdpau_interop2 GL_NV_vertex_array_range GL_NV_vertex_array_range2 GL_NV_vertex_attrib_integer_64bit GL_NV_vertex_buffer_unified_memory GL_NV_vertex_program GL_NV_vertex_program1_1 GL_NV_vertex_program2 GL_NV_vertex_program2_option GL_NV_vertex_program3 GL_NV_viewport_array2 GL_NV_viewport_swizzle GL_NVX_conditional_render GL_NV_gpu_multicast GL_NVX_progress_fence GL_NVX_gpu_memory_info GL_NVX_nvenc_interop GL_NV_shader_thread_group GL_NV_shader_thread_shuffle GL_KHR_blend_equation_advanced GL_KHR_blend_equation_advanced_coherent GL_OVR_multiview GL_OVR_multiview2 GL_SGIS_generate_mipmap GL_SGIS_texture_lod GL_SGIX_depth_texture GL_SGIX_shadow GL_SUN_slice_accum
OPENGL LOG: Creating OpenGL 4.5 graphics device ; Context level  <OpenGL 4.5> ; Context handle -1744040536
Initialize mono
Mono path[0] = '/home/gstarr/Unity/Hub/Editor/2021.1.24f1/Editor/Data/Managed'
Mono path[1] = '/home/gstarr/Unity/Hub/Editor/2021.1.24f1/Editor/Data/MonoBleedingEdge/lib/mono/unityjit'
Mono config path = '/home/gstarr/Unity/Hub/Editor/2021.1.24f1/Editor/Data/MonoBleedingEdge/etc'
Using monoOptions --debugger-agent=transport=dt_socket,embedding=1,server=y,suspend=n,address=127.0.0.1:56876
Begin MonoManager ReloadAssembly
Registering precompiled unity dll's ...
Register platform support module: /home/gstarr/Unity/Hub/Editor/2021.1.24f1/Editor/Data/PlaybackEngines/WindowsStandaloneSupport/UnityEditor.WindowsStandalone.Extensions.dll
Register platform support module: /home/gstarr/Unity/Hub/Editor/2021.1.24f1/Editor/Data/PlaybackEngines/LinuxStandaloneSupport/UnityEditor.LinuxStandalone.Extensions.dll
Registered in 0.001125 seconds.
Native extension for LinuxStandalone target not found
Native extension for WindowsStandalone target not found
Refreshing native plugins compatible for Editor in 50.13 ms, found 0 plugins.
Preloading 0 native plugins for Editor in 0.00 ms.
Mono: successfully reloaded assembly
- Completed reload, in  1.129 seconds
Domain Reload Profiling:
	ReloadAssembly (1129ms)
		BeginReloadAssembly (34ms)
			ExecutionOrderSort (0ms)
			DisableScriptedObjects (0ms)
			BackupInstance (0ms)
			ReleaseScriptingObjects (0ms)
			CreateAndSetChildDomain (1ms)
		EndReloadAssembly (436ms)
			LoadAssemblies (33ms)
			RebuildTransferFunctionScriptingTraits (0ms)
			SetupTypeCache (156ms)
			ReleaseScriptCaches (0ms)
			RebuildScriptCaches (33ms)
			SetupLoadedEditorAssemblies (209ms)
				LogAssemblyErrors (0ms)
				InitializePlatformSupportModulesInManaged (6ms)
				SetLoadedEditorAssemblies (0ms)
				RefreshPlugins (50ms)
				BeforeProcessingInitializeOnLoad (1ms)
				ProcessInitializeOnLoadAttributes (124ms)
				ProcessInitializeOnLoadMethodAttributes (27ms)
				AfterProcessingInitializeOnLoad (0ms)
				EditorAssembliesLoaded (0ms)
			ExecutionOrderSort2 (0ms)
			AwakeInstancesAfterBackupRestoration (0ms)
Platform modules already initialized, skipping
Registering precompiled user dll's ...
Registered in 0.002221 seconds.
Begin MonoManager ReloadAssembly
Native extension for LinuxStandalone target not found
Native extension for WindowsStandalone target not found
Refreshing native plugins compatible for Editor in 51.42 ms, found 0 plugins.
Preloading 0 native plugins for Editor in 0.00 ms.
Mono: successfully reloaded assembly
- Completed reload, in  1.101 seconds
Domain Reload Profiling:
	ReloadAssembly (1102ms)
		BeginReloadAssembly (116ms)
			ExecutionOrderSort (0ms)
			DisableScriptedObjects (4ms)
			BackupInstance (0ms)
			ReleaseScriptingObjects (0ms)
			CreateAndSetChildDomain (18ms)
		EndReloadAssembly (932ms)
			LoadAssemblies (60ms)
			RebuildTransferFunctionScriptingTraits (0ms)
			SetupTypeCache (317ms)
			ReleaseScriptCaches (1ms)
			RebuildScriptCaches (62ms)
			SetupLoadedEditorAssemblies (393ms)
				LogAssemblyErrors (0ms)
				InitializePlatformSupportModulesInManaged (9ms)
				SetLoadedEditorAssemblies (0ms)
				RefreshPlugins (51ms)
				BeforeProcessingInitializeOnLoad (56ms)
				ProcessInitializeOnLoadAttributes (268ms)
				ProcessInitializeOnLoadMethodAttributes (4ms)
				AfterProcessingInitializeOnLoad (3ms)
				EditorAssembliesLoaded (0ms)
			ExecutionOrderSort2 (0ms)
			AwakeInstancesAfterBackupRestoration (6ms)
Platform modules already initialized, skipping
========================================================================
Worker process is ready to serve import requests
Launched and connected shader compiler UnityShaderCompiler after 0.01 seconds
Refreshing native plugins compatible for Editor in 0.60 ms, found 0 plugins.
Preloading 0 native plugins for Editor in 0.00 ms.
Unloading 3218 Unused Serialized files (Serialized files now loaded: 0)
System memory in use before: 232.0 MB.
System memory in use after: 232.2 MB.

Unloading 18 unused Assets to reduce memory usage. Loaded Objects now: 3698.
Total: 6.298461 ms (FindLiveObjects: 0.322970 ms CreateObjectMapping: 0.076170 ms MarkObjects: 5.857501 ms  DeleteObjects: 0.040530 ms)

AssetImportParameters requested are different than current active one (requested -> active):
  custom:video-decoder-ogg-theora: a1e56fd34408186e4bbccfd4996cb3dc -> 
  custom:container-muxer-webm: aa71ff27fc2769a1b78a27578f13a17b -> 
  custom:container-demuxer-webm: 4f35f7cbe854078d1ac9338744f61a02 -> 
  custom:container-demuxer-ogg: 62fdf1f143b41e24485cea50d1cbac27 -> 
  custom:video-encoder-webm-vp8: eb34c28f22e8b96e1ab97ce403110664 -> 
  custom:video-decoder-webm-vp8: 9c59270c3fd7afecdb556c50c9e8de78 -> 
  custom:audio-decoder-ogg-vorbis: bf7c407c2cedff20999df2af8eb42d56 -> 
  custom:audio-encoder-webm-vorbis: bf7c407c2cedff20999df2af8eb42d56 -> 
========================================================================
Received Import Request.
  path: Assets/plumes.fbx
  artifactKey: Guid(04570e97b531167a69e7cfe97c6b01a7) Importer(815301076,1909f56bfc062723c751e8b465ee728b)
Start importing Assets/plumes.fbx using Guid(04570e97b531167a69e7cfe97c6b01a7) Importer(815301076,1909f56bfc062723c751e8b465ee728b)  -> (artifact id: 'f77f8689828a08ab487c1d50888898a6') in 0.468816 seconds 
========================================================================
Received Import Request.
  Time since last request: 0.000117 seconds.
  path: Assets/deliveryParicles.mat
  artifactKey: Guid(8eb4c1609e34065c29161f841784e2e6) Importer(815301076,1909f56bfc062723c751e8b465ee728b)
Start importing Assets/deliveryParicles.mat using Guid(8eb4c1609e34065c29161f841784e2e6) Importer(815301076,1909f56bfc062723c751e8b465ee728b)  -> (artifact id: '3137d6609244fa47e6d6852ab6a6a3a8') in 0.027090 seconds 
========================================================================
Received Import Request.
  Time since last request: 0.000112 seconds.
  path: Assets/OutlinesTopThing.png
  artifactKey: Guid(1d63f590d7d89b10faadbda1b3e13d7a) Importer(815301076,1909f56bfc062723c751e8b465ee728b)
Start importing Assets/OutlinesTopThing.png using Guid(1d63f590d7d89b10faadbda1b3e13d7a) Importer(815301076,1909f56bfc062723c751e8b465ee728b)  -> (artifact id: '261d06743deb7662bec32e27b8ebf8fd') in 0.059650 seconds 
========================================================================
Received Import Request.
  Time since last request: 0.000244 seconds.
  path: Assets/sanic.mat
  artifactKey: Guid(f105982ae48b1f956bb77a59b1437f23) Importer(815301076,1909f56bfc062723c751e8b465ee728b)
Start importing Assets/sanic.mat using Guid(f105982ae48b1f956bb77a59b1437f23) Importer(815301076,1909f56bfc062723c751e8b465ee728b)  -> (artifact id: '6d594edeef7e34358b32732e64392137') in 0.014210 seconds 
========================================================================
Received Import Request.
  Time since last request: 0.000136 seconds.
  path: Assets/Circle.png
  artifactKey: Guid(fdf8dc778658135e8aa5071bc17fdbda) Importer(815301076,1909f56bfc062723c751e8b465ee728b)
Start importing Assets/Circle.png using Guid(fdf8dc778658135e8aa5071bc17fdbda) Importer(815301076,1909f56bfc062723c751e8b465ee728b)  -> (artifact id: 'e39e1da313aa64b799fa2a2c1c941e2e') in 0.003912 seconds 
========================================================================
Received Import Request.
  Time since last request: 0.000086 seconds.
  path: Assets/truckTex.png
  artifactKey: Guid(65b551c037a22989083a09936feb4358) Importer(815301076,1909f56bfc062723c751e8b465ee728b)
Start importing Assets/truckTex.png using Guid(65b551c037a22989083a09936feb4358) Importer(815301076,1909f56bfc062723c751e8b465ee728b)  -> (artifact id: '15d998816e27f390b6783fbf9f698712') in 0.006115 seconds 
========================================================================
Received Import Request.
  Time since last request: 0.000100 seconds.
  path: Assets/eee.mat
  artifactKey: Guid(7fb916d25b8484a34b4115969355d003) Importer(815301076,1909f56bfc062723c751e8b465ee728b)
Start importing Assets/eee.mat using Guid(7fb916d25b8484a34b4115969355d003) Importer(815301076,1909f56bfc062723c751e8b465ee728b)  -> (artifact id: '362701a6a5a5d0611d75a23011fd15d3') in 0.143830 seconds 
========================================================================
Received Import Request.
  Time since last request: 0.000100 seconds.
  path: Assets/noisySpecular.shadersubgraph
  artifactKey: Guid(6def4e79c259be7f2a52133a0f5abbf1) Importer(815301076,1909f56bfc062723c751e8b465ee728b)
Start importing Assets/noisySpecular.shadersubgraph using Guid(6def4e79c259be7f2a52133a0f5abbf1) Importer(815301076,1909f56bfc062723c751e8b465ee728b)  -> (artifact id: '01ac0de8d12757b6a53536470d30c781') in 0.002493 seconds 
========================================================================
Received Import Request.
  Time since last request: 0.000093 seconds.
  path: Assets/sonicBoom.fbx
  artifactKey: Guid(4e703b3e030bf0e03bb7560d22f9eb3b) Importer(815301076,1909f56bfc062723c751e8b465ee728b)
Start importing Assets/sonicBoom.fbx using Guid(4e703b3e030bf0e03bb7560d22f9eb3b) Importer(815301076,1909f56bfc062723c751e8b465ee728b)  -> (artifact id: '9c749dc8b83e682ed2b4c1c1fc0b2936') in 0.013938 seconds 
========================================================================
Received Import Request.
  Time since last request: 0.000106 seconds.
  path: Assets/particels.mat
  artifactKey: Guid(f4d9fa98a2791d494a7804999e4655c0) Importer(815301076,1909f56bfc062723c751e8b465ee728b)
Start importing Assets/particels.mat using Guid(f4d9fa98a2791d494a7804999e4655c0) Importer(815301076,1909f56bfc062723c751e8b465ee728b)  -> (artifact id: '9f788e9344aac6f4172ceeb65dea636f') in 0.004830 seconds 
========================================================================
Received Import Request.
  Time since last request: 0.000073 seconds.
  path: Assets/eee 2.mat
  artifactKey: Guid(60569ea8d8dfdbea98477fa5505c43e8) Importer(815301076,1909f56bfc062723c751e8b465ee728b)
Start importing Assets/eee 2.mat using Guid(60569ea8d8dfdbea98477fa5505c43e8) Importer(815301076,1909f56bfc062723c751e8b465ee728b)  -> (artifact id: '18d278380937235e2ee3c7bc3dc7c80e') in 0.012931 seconds 
========================================================================
Received Import Request.
  Time since last request: 0.000125 seconds.
  path: Assets/EngineOutline.png
  artifactKey: Guid(ce1b81ef3bf4f4d55a4c878dff861325) Importer(815301076,1909f56bfc062723c751e8b465ee728b)
Start importing Assets/EngineOutline.png using Guid(ce1b81ef3bf4f4d55a4c878dff861325) Importer(815301076,1909f56bfc062723c751e8b465ee728b)  -> (artifact id: '45cdb4fb05545f4da2b64ca5c844b35e') in 0.008494 seconds 
========================================================================
Received Import Request.
  Time since last request: 0.000103 seconds.
  path: Assets/MainBodyOutlines.png
  artifactKey: Guid(4842d9963dcc88e4b8679c05d7a96698) Importer(815301076,1909f56bfc062723c751e8b465ee728b)
Start importing Assets/MainBodyOutlines.png using Guid(4842d9963dcc88e4b8679c05d7a96698) Importer(815301076,1909f56bfc062723c751e8b465ee728b)  -> (artifact id: '828e9aa1cb187ee36860e46158f9ce1d') in 0.009702 seconds 
========================================================================
Received Import Request.
  Time since last request: 0.000095 seconds.
  path: Assets/partycles.mat
  artifactKey: Guid(2ff43267e42290fd694e9dad2fc6cf18) Importer(815301076,1909f56bfc062723c751e8b465ee728b)
Start importing Assets/partycles.mat using Guid(2ff43267e42290fd694e9dad2fc6cf18) Importer(815301076,1909f56bfc062723c751e8b465ee728b)  -> (artifact id: '62e0fd453997d4e82f529bbb9cfbbbeb') in 0.007908 seconds 
========================================================================
Received Import Request.
  Time since last request: 0.000103 seconds.
  path: Assets/mainFighter.fbx
  artifactKey: Guid(eadea6bd1ec658b22bae8b26d79de397) Importer(815301076,1909f56bfc062723c751e8b465ee728b)
Start importing Assets/mainFighter.fbx using Guid(eadea6bd1ec658b22bae8b26d79de397) Importer(815301076,1909f56bfc062723c751e8b465ee728b)  -> (artifact id: 'f6be4aef7b0df6a14bd00f1ed28f8fe8') in 0.151572 seconds 
========================================================================
Received Import Request.
  Time since last request: 0.000104 seconds.
  path: Assets/LightorDark.shadersubgraph
  artifactKey: Guid(f75afb1f76ef2a18da76ab4cc0e94f49) Importer(815301076,1909f56bfc062723c751e8b465ee728b)
Start importing Assets/LightorDark.shadersubgraph using Guid(f75afb1f76ef2a18da76ab4cc0e94f49) Importer(815301076,1909f56bfc062723c751e8b465ee728b)  -> (artifact id: '491eeb24a5f78323fd40c0abdd7b2323') in 0.000811 seconds 
========================================================================
Received Import Request.
  Time since last request: 0.000085 seconds.
  path: Assets/eeenginepluimes.fbx
  artifactKey: Guid(2836b03e34ea8d830877869f2776ceb3) Importer(815301076,1909f56bfc062723c751e8b465ee728b)
Start importing Assets/eeenginepluimes.fbx using Guid(2836b03e34ea8d830877869f2776ceb3) Importer(815301076,1909f56bfc062723c751e8b465ee728b)  -> (artifact id: 'bdaed835e1f8cfd99d5bdcc7aef9ddc9') in 0.013226 seconds 
========================================================================
Received Import Request.
  Time since last request: 0.000126 seconds.
  path: Assets/enginePlums.mat
  artifactKey: Guid(f715802ebae3598a2861202de03a3a4b) Importer(815301076,1909f56bfc062723c751e8b465ee728b)
Start importing Assets/enginePlums.mat using Guid(f715802ebae3598a2861202de03a3a4b) Importer(815301076,1909f56bfc062723c751e8b465ee728b)  -> (artifact id: 'd900c8cc122798e8b38aa2f279a7c186') in 0.219425 seconds 
========================================================================
Received Import Request.
  Time since last request: 0.000108 seconds.
  path: Assets/BOXES.mat
  artifactKey: Guid(e2c3db5f8b258085eb967d4860d4d4c3) Importer(815301076,1909f56bfc062723c751e8b465ee728b)
Start importing Assets/BOXES.mat using Guid(e2c3db5f8b258085eb967d4860d4d4c3) Importer(815301076,1909f56bfc062723c751e8b465ee728b)  -> (artifact id: '16411f4a71b59471854347b31dea53b2') in 0.013500 seconds 
========================================================================
Received Import Request.
  Time since last request: 0.000098 seconds.
  path: Assets/StarLayer.png
  artifactKey: Guid(171c41a76772e71229a2b8420c817962) Importer(815301076,1909f56bfc062723c751e8b465ee728b)
Start importing Assets/StarLayer.png using Guid(171c41a76772e71229a2b8420c817962) Importer(815301076,1909f56bfc062723c751e8b465ee728b)  -> (artifact id: 'c81bb9cfc8b339d5b16e4f9f2b65c7cb') in 0.027046 seconds 
========================================================================
Received Import Request.
  Time since last request: 0.000114 seconds.
  path: Assets/skybox.mat
  artifactKey: Guid(71f00d1a7f3384342922011d4c076761) Importer(815301076,1909f56bfc062723c751e8b465ee728b)
Start importing Assets/skybox.mat using Guid(71f00d1a7f3384342922011d4c076761) Importer(815301076,1909f56bfc062723c751e8b465ee728b)  -> (artifact id: '8fbb2ca1ed7ae1f96e4263320c88a09b') in 0.029053 seconds 
========================================================================
Received Import Request.
  Time since last request: 0.000131 seconds.
  path: Assets/eee 3.mat
  artifactKey: Guid(06d61af825f3a2e4994c2a5bd9ab04d8) Importer(815301076,1909f56bfc062723c751e8b465ee728b)
Start importing Assets/eee 3.mat using Guid(06d61af825f3a2e4994c2a5bd9ab04d8) Importer(815301076,1909f56bfc062723c751e8b465ee728b)  -> (artifact id: 'ef686b459c711db85d6cbdbed73f532c') in 0.012174 seconds 
========================================================================
Received Import Request.
  Time since last request: 0.000120 seconds.
  path: Assets/eee 4.mat
  artifactKey: Guid(8dc4bdab4ec5c6742a47e1669c97abd5) Importer(815301076,1909f56bfc062723c751e8b465ee728b)
Start importing Assets/eee 4.mat using Guid(8dc4bdab4ec5c6742a47e1669c97abd5) Importer(815301076,1909f56bfc062723c751e8b465ee728b)  -> (artifact id: 'd388cd0ad7410aae9852f4398964f8ac') in 0.013071 seconds 
========================================================================
Received Import Request.
  Time since last request: 0.000097 seconds.
  path: Assets/SidePieceOutline.png
  artifactKey: Guid(540b6246613f4c15fa7b785cfba90718) Importer(815301076,1909f56bfc062723c751e8b465ee728b)
Start importing Assets/SidePieceOutline.png using Guid(540b6246613f4c15fa7b785cfba90718) Importer(815301076,1909f56bfc062723c751e8b465ee728b)  -> (artifact id: '2e40bf01cf417150519e029ceb613683') in 0.010013 seconds 
========================================================================
Received Import Request.
  Time since last request: 0.000086 seconds.
  path: Assets/mainPiloting.inputactions
  artifactKey: Guid(53fa5ddcb5756f188bf22daa3a0450a4) Importer(815301076,1909f56bfc062723c751e8b465ee728b)
Start importing Assets/mainPiloting.inputactions using Guid(53fa5ddcb5756f188bf22daa3a0450a4) Importer(815301076,1909f56bfc062723c751e8b465ee728b)  -> (artifact id: 'b1f2c99eef35839658bfdfdae1c87635') in 0.006772 seconds 
========================================================================
Received Import Request.
  Time since last request: 0.000126 seconds.
  path: Assets/voronoItest.shadersubgraph
  artifactKey: Guid(972ef96ddef286f65a6ef87467f428cf) Importer(815301076,1909f56bfc062723c751e8b465ee728b)
Start importing Assets/voronoItest.shadersubgraph using Guid(972ef96ddef286f65a6ef87467f428cf) Importer(815301076,1909f56bfc062723c751e8b465ee728b)  -> (artifact id: '3a98c4afc0f455ccdcd23f726feb07f3') in 0.001317 seconds 
========================================================================
Received Import Request.
  Time since last request: 0.000080 seconds.
  path: Assets/outlineManager.shadersubgraph
  artifactKey: Guid(edeac14cf29edad5d8bae1f2681af201) Importer(815301076,1909f56bfc062723c751e8b465ee728b)
Start importing Assets/outlineManager.shadersubgraph using Guid(edeac14cf29edad5d8bae1f2681af201) Importer(815301076,1909f56bfc062723c751e8b465ee728b)  -> (artifact id: '8bdec7ee29e8410ea642c0958f43b5e1') in 0.001373 seconds 
========================================================================
Received Import Request.
  Time since last request: 0.000097 seconds.
  path: Assets/water.mat
  artifactKey: Guid(83da7b79c84de49d5b83ae3bc50490eb) Importer(815301076,1909f56bfc062723c751e8b465ee728b)
Start importing Assets/water.mat using Guid(83da7b79c84de49d5b83ae3bc50490eb) Importer(815301076,1909f56bfc062723c751e8b465ee728b)  -> (artifact id: '2dfef5353a48e3409d6f6249d8bb2247') in 0.348101 seconds 
========================================================================
Received Import Request.
  Time since last request: 0.000137 seconds.
  path: Assets/UVDistort.shadersubgraph
  artifactKey: Guid(e1d92fabc4eb29603a38c0d24e53ed99) Importer(815301076,1909f56bfc062723c751e8b465ee728b)
Start importing Assets/UVDistort.shadersubgraph using Guid(e1d92fabc4eb29603a38c0d24e53ed99) Importer(815301076,1909f56bfc062723c751e8b465ee728b)  -> (artifact id: 'abc29ec23ee138e9771e8f1915ae9206') in 0.001064 seconds 
========================================================================
Received Import Request.
  Time since last request: 0.000085 seconds.
  path: Assets/OutlinesWings.png
  artifactKey: Guid(ead5ac75f40e5da9899591e56e6b4016) Importer(815301076,1909f56bfc062723c751e8b465ee728b)
Start importing Assets/OutlinesWings.png using Guid(ead5ac75f40e5da9899591e56e6b4016) Importer(815301076,1909f56bfc062723c751e8b465ee728b)  -> (artifact id: '1ae7a87a12221be5b3d3a9d3e6875555') in 0.010385 seconds 
========================================================================
Received Import Request.
  Time since last request: 0.000081 seconds.
  path: Assets/eee 5.mat
  artifactKey: Guid(f8556b9d2755959fd964af07772b992e) Importer(815301076,1909f56bfc062723c751e8b465ee728b)
Start importing Assets/eee 5.mat using Guid(f8556b9d2755959fd964af07772b992e) Importer(815301076,1909f56bfc062723c751e8b465ee728b)  -> (artifact id: 'f27841d06f6a18e5b38ec9348a65a8d4') in 0.005657 seconds 
========================================================================
Received Import Request.
  Time since last request: 0.000105 seconds.
  path: Assets/eee 1.mat
  artifactKey: Guid(9f9f531f0e2358082b47760b47907f84) Importer(815301076,1909f56bfc062723c751e8b465ee728b)
Start importing Assets/eee 1.mat using Guid(9f9f531f0e2358082b47760b47907f84) Importer(815301076,1909f56bfc062723c751e8b465ee728b)  -> (artifact id: '5f055ded7645ee2f91145d3ef1d9d5e4') in 0.010081 seconds 
========================================================================
Received Import Request.
  Time since last request: 0.000163 seconds.
  path: Assets/testGradientA.png
  artifactKey: Guid(2ace2d684867327269a6a7e253da2088) Importer(815301076,1909f56bfc062723c751e8b465ee728b)
Start importing Assets/testGradientA.png using Guid(2ace2d684867327269a6a7e253da2088) Importer(815301076,1909f56bfc062723c751e8b465ee728b)  -> (artifact id: 'c53bc17d594b9f04516e29500e6dc4b9') in 0.008394 seconds 
========================================================================
Received Import Request.
  Time since last request: 0.000114 seconds.
  path: Assets/starLayer.fbx
  artifactKey: Guid(0f564cef4b73d3f748e40cdd7471cc26) Importer(815301076,1909f56bfc062723c751e8b465ee728b)
Start importing Assets/starLayer.fbx using Guid(0f564cef4b73d3f748e40cdd7471cc26) Importer(815301076,1909f56bfc062723c751e8b465ee728b)  -> (artifact id: '7e600c4a85b2d269f27dad026484af44') in 0.016567 seconds 
========================================================================
Received Import Request.
  Time since last request: 0.000118 seconds.
  path: Assets/timeOffset.shadersubgraph
  artifactKey: Guid(ab9309fe22fe25e8da34eac0eaae0727) Importer(815301076,1909f56bfc062723c751e8b465ee728b)
Start importing Assets/timeOffset.shadersubgraph using Guid(ab9309fe22fe25e8da34eac0eaae0727) Importer(815301076,1909f56bfc062723c751e8b465ee728b)  -> (artifact id: '114795a7873970e63f22196ffbef0430') in 0.000961 seconds 
========================================================================
Received Import Request.
  Time since last request: 0.000073 seconds.
  path: Assets/timeOffset2Axis.shadersubgraph
  artifactKey: Guid(33305df536f7a8f0ab92094a87c20532) Importer(815301076,1909f56bfc062723c751e8b465ee728b)
Start importing Assets/timeOffset2Axis.shadersubgraph using Guid(33305df536f7a8f0ab92094a87c20532) Importer(815301076,1909f56bfc062723c751e8b465ee728b)  -> (artifact id: '275311965040fb584a1f5038ee2efbb2') in 0.001072 seconds 
========================================================================
Received Import Request.
  Time since last request: 0.000107 seconds.
  path: Assets/Readme.asset
  artifactKey: Guid(83c2ed844a8c74b779a4c823d16594b1) Importer(815301076,1909f56bfc062723c751e8b465ee728b)
Start importing Assets/Readme.asset using Guid(83c2ed844a8c74b779a4c823d16594b1) Importer(815301076,1909f56bfc062723c751e8b465ee728b)  -> (artifact id: '8ffd2c44ffeb50c574abb5d0c4453328') in 0.001729 seconds 
========================================================================
Received Import Request.
  Time since last request: 0.000093 seconds.
  path: Assets/partyEngine.mat
  artifactKey: Guid(781447e3342f715e3b772b7b358c88c2) Importer(815301076,1909f56bfc062723c751e8b465ee728b)
Start importing Assets/partyEngine.mat using Guid(781447e3342f715e3b772b7b358c88c2) Importer(815301076,1909f56bfc062723c751e8b465ee728b)  -> (artifact id: '76593a8ff721039c8487a7b0e6cba0d7') in 0.179718 seconds 
========================================================================
Received Import Request.
  Time since last request: 0.000153 seconds.
  path: Assets/DjVLmVzU0AIVvcT.jpg
  artifactKey: Guid(282c730fbcc62502ab82fbafea87cf1c) Importer(815301076,1909f56bfc062723c751e8b465ee728b)
Start importing Assets/DjVLmVzU0AIVvcT.jpg using Guid(282c730fbcc62502ab82fbafea87cf1c) Importer(815301076,1909f56bfc062723c751e8b465ee728b)  -> (artifact id: '60ca2f53cd09cc44cfdd27abadfbb29e') in 0.004238 seconds 
